c:\users\bycks\source\repos\snakethegame\snakethegame\x64\debug\vc143.pdb
c:\users\bycks\source\repos\snakethegame\snakethegame\x64\debug\vc143.idb
c:\users\bycks\source\repos\snakethegame\snakethegame\x64\debug\main.obj
c:\users\bycks\source\repos\snakethegame\snakethegame\x64\debug\field.obj
c:\users\bycks\source\repos\snakethegame\snakethegame\x64\debug\field.nativecodeanalysis.xml
c:\users\bycks\source\repos\snakethegame\snakethegame\x64\debug\main.nativecodeanalysis.xml
c:\users\bycks\source\repos\snakethegame\snakethegame\x64\debug\vc.nativecodeanalysis.all.xml
c:\users\bycks\source\repos\snakethegame\x64\debug\snakethegame.pdb
c:\users\bycks\source\repos\snakethegame\snakethegame\x64\debug\snakethegame.tlog\cl.command.1.tlog
c:\users\bycks\source\repos\snakethegame\snakethegame\x64\debug\snakethegame.tlog\cl.read.1.tlog
c:\users\bycks\source\repos\snakethegame\snakethegame\x64\debug\snakethegame.tlog\cl.write.1.tlog
c:\users\bycks\source\repos\snakethegame\snakethegame\x64\debug\snakethegame.tlog\link-cvtres.read.1.tlog
c:\users\bycks\source\repos\snakethegame\snakethegame\x64\debug\snakethegame.tlog\link-cvtres.write.1.tlog
c:\users\bycks\source\repos\snakethegame\snakethegame\x64\debug\snakethegame.tlog\link-rc.read.1.tlog
c:\users\bycks\source\repos\snakethegame\snakethegame\x64\debug\snakethegame.tlog\link-rc.write.1.tlog
c:\users\bycks\source\repos\snakethegame\snakethegame\x64\debug\snakethegame.tlog\link.145712-cvtres.read.1.tlog
c:\users\bycks\source\repos\snakethegame\snakethegame\x64\debug\snakethegame.tlog\link.145712-cvtres.write.1.tlog
c:\users\bycks\source\repos\snakethegame\snakethegame\x64\debug\snakethegame.tlog\link.145712-rc.read.1.tlog
c:\users\bycks\source\repos\snakethegame\snakethegame\x64\debug\snakethegame.tlog\link.145712-rc.write.1.tlog
c:\users\bycks\source\repos\snakethegame\snakethegame\x64\debug\snakethegame.tlog\link.145712.read.1.tlog
c:\users\bycks\source\repos\snakethegame\snakethegame\x64\debug\snakethegame.tlog\link.145712.read.2.tlog
c:\users\bycks\source\repos\snakethegame\snakethegame\x64\debug\snakethegame.tlog\link.145712.write.1.tlog
c:\users\bycks\source\repos\snakethegame\snakethegame\x64\debug\snakethegame.tlog\link.command.1.tlog
c:\users\bycks\source\repos\snakethegame\snakethegame\x64\debug\snakethegame.tlog\link.read.1.tlog
c:\users\bycks\source\repos\snakethegame\snakethegame\x64\debug\snakethegame.tlog\link.read.2.tlog
c:\users\bycks\source\repos\snakethegame\snakethegame\x64\debug\snakethegame.tlog\link.write.1.tlog
